Date/Time:       2025-12-03 18:39:18 
Command line:    C:\Users\DELL\AppData\Local\Programs\Python\Python312\Lib\site-packages\briefcase\__main__.py build android

OS Release:      Windows 10
OS Version:      10.0.19045
Architecture:    AMD64
Platform:        Windows-10-10.0.19045-SP0

Python exe:      C:\Users\DELL\AppData\Local\Programs\Python\Python312\python.exe
Python version:  3.12.6 (tags/v3.12.6:a4a2d2b, Sep  6 2024, 20:11:23) [MSC v.1940 64 bit (AMD64)]
Virtual env:     False
Conda env:       False

Briefcase:       0.3.25
Target platform: android
Target format:   gradle

Environment Variables:
	ALLUSERSPROFILE=C:\ProgramData
	ANDROID_SDK_ROOT=C:\Users\DELL\AppData\Local\Android\Sdk
	APPDATA=C:\Users\DELL\AppData\Roaming
	BUNDLED_DEBUGPY_PATH=c:\Users\DELL\.cursor\extensions\ms-python.debugpy-2025.14.1-win32-x64\bundled\libs\debugpy
	CHROME_CRASHPAD_PIPE_NAME=\\.\pipe\crashpad_14644_ZXNUKOHYQWFLOSAG
	COLORTERM=truecolor
	COMMONPROGRAMFILES=C:\Program Files\Common Files
	COMMONPROGRAMFILES(X86)=C:\Program Files (x86)\Common Files
	COMMONPROGRAMW6432=C:\Program Files\Common Files
	COMPUTERNAME=DESKTOP-8GIML79
	COMSPEC=C:\Windows\system32\cmd.exe
	CURSOR_TRACE_ID=25a9784dfdd3406c9d568d5bb1666e4f
	DRIVERDATA=C:\Windows\System32\Drivers\DriverData
	GIT_ASKPASS=********************
	HOMEDRIVE=C:
	HOMEPATH=\Users\DELL
	LANG=en_US.UTF-8
	LOCALAPPDATA=C:\Users\DELL\AppData\Local
	LOGONSERVER=\\DESKTOP-8GIML79
	NUMBER_OF_PROCESSORS=4
	ONEDRIVE=C:\Users\DELL\OneDrive
	ORIGINAL_XDG_CURRENT_DESKTOP=undefined
	OS=Windows_NT
	PATH=C:\Program Files\Common Files\Oracle\Java\javapath;C:\Windows\system32;C:\Windows;C:\Windows\System32\Wbem;C:\Windows\System32\WindowsPowerShell\v1.0\;C:\Windows\System32\OpenSSH\;C:\Users\DELL\AppData\Local\Programs\Python\Python312;C:\Users\DELL\AppData\Local\Programs\Python\Python3.12\Scripts;C:\Users\DELL\AppData\Roaming\Python\Python312\Scripts;C:\Program Files\dotnet\;C:\Program Files\cursor\resources\app\bin;C:\Program Files\Git\cmd;C:\Program Files\Common Files\Oracle\Java\javapath;C:\Windows\system32;C:\Windows;C:\Windows\System32\Wbem;C:\Windows\System32\WindowsPowerShell\v1.0\;C:\Windows\System32\OpenSSH\;C:\Users\DELL\AppData\Local\Programs\Python\Python312;C:\Users\DELL\AppData\Local\Programs\Python\Python3.12\Scripts;C:\Users\DELL\AppData\Roaming\Python\Python312\Scripts;C:\Program Files\dotnet\;C:\Program Files\cursor\resources\app\bin;C:\Users\DELL\AppData\Local\Programs\Python\Launcher\;C:\Users\DELL\AppData\Local\Microsoft\WindowsApps;C:\Users\DELL\AppData\Local\Programs\Microsoft VS Code\bin;C:\Users\DELL\AppData\Local\Python\bin;c:\Users\DELL\.cursor\extensions\ms-python.debugpy-2025.14.1-win32-x64\bundled\scripts\noConfigScripts;C:\Gradle\gradle-8.7\bin;C:\gradle\gradle-8.7\bin;c:\Users\DELL\.cursor\extensions\ms-python.debugpy-2025.14.1-win32-x64\bundled\scripts\noConfigScripts
	PATHEXT=.COM;.EXE;.BAT;.CMD;.VBS;.VBE;.JS;.JSE;.WSF;.WSH;.MSC;.CPL
	POWERSHELL_DISTRIBUTION_CHANNEL=PSES
	PROCESSOR_ARCHITECTURE=AMD64
	PROCESSOR_IDENTIFIER=Intel64 Family 6 Model 58 Stepping 9, GenuineIntel
	PROCESSOR_LEVEL=6
	PROCESSOR_REVISION=3a09
	PROGRAMDATA=C:\ProgramData
	PROGRAMFILES=C:\Program Files
	PROGRAMFILES(X86)=C:\Program Files (x86)
	PROGRAMW6432=C:\Program Files
	PSEXECUTIONPOLICYPREFERENCE=Bypass
	PSMODULEPATH=C:\Users\DELL\Documents\WindowsPowerShell\Modules;C:\Program Files\WindowsPowerShell\Modules;C:\Windows\system32\WindowsPowerShell\v1.0\Modules;c:\Users\DELL\.cursor\extensions\ms-vscode.powershell-2025.4.0-universal\modules
	PUBLIC=C:\Users\Public
	PYDEVD_DISABLE_FILE_VALIDATION=1
	SESSIONNAME=Console
	SYSTEMDRIVE=C:
	SYSTEMROOT=C:\Windows
	TEMP=C:\Users\DELL\AppData\Local\Temp
	TERM_PROGRAM=vscode
	TERM_PROGRAM_VERSION=2.1.42
	TMP=C:\Users\DELL\AppData\Local\Temp
	USERDOMAIN=DESKTOP-8GIML79
	USERDOMAIN_ROAMINGPROFILE=DESKTOP-8GIML79
	USERNAME=DELL
	USERPROFILE=C:\Users\DELL
	VSCODE_DEBUGPY_ADAPTER_ENDPOINTS=c:\Users\DELL\.cursor\extensions\ms-python.debugpy-2025.14.1-win32-x64\.noConfigDebugAdapterEndpoints\endpoint-dd60696b9e7bfea5.txt
	VSCODE_GIT_ASKPASS_EXTRA_ARGS=********************
	VSCODE_GIT_ASKPASS_MAIN=********************
	VSCODE_GIT_ASKPASS_NODE=********************
	VSCODE_GIT_IPC_HANDLE=\\.\pipe\vscode-git-2bf4abee82-sock
	VSCODE_INJECTION=1
	WINDIR=C:\Windows

pyproject.toml:
[project]
name = "sas_management"
version = "1.0.0"
description = "Catering Management System"
authors = [{name = "SAS Best Foods", email = "support@sasbestfoods.com"}]
license = { file = "LICENSE" }
requires-python = ">=3.12"

[tool.briefcase]
project_name = "SAS Management System"
bundle = "com.sas.management"
url = "https://sasbestfoods.com"

[tool.briefcase.app.sas_management]
formal_name = "SAS Management"
description = "Catering Management System"
bundle = "com.sas.management"
sources = ["sas_management"]
requires = ["flask"]

[tool.briefcase.app.sas_management.android]
require_android_sdk = true

Briefcase Log:
[18:28:00] Using JDK at C:\Users\DELL\AppData\Local\BeeWare\briefcase\Cache\tools\java17                                                                                 java.py:259
                                                                                                                                                                  android_sdk.py:270
           [Android SDK] Evaluating ANDROID_HOME...                                                                                                               android_sdk.py:270
           ANDROID_SDK_ROOT=C:\Users\DELL\AppData\Local\Android\Sdk                                                                                               android_sdk.py:271
                                                                                                                                                                  android_sdk.py:320
           *************************************************************************                                                                              android_sdk.py:320
           ** WARNING: ANDROID_SDK_ROOT does not point to an Android SDK          **                                                                              android_sdk.py:320
           *************************************************************************                                                                              android_sdk.py:320
                                                                                                                                                                  android_sdk.py:320
               The location pointed to by the ANDROID_SDK_ROOT environment                                                                                        android_sdk.py:320
               variable:                                                                                                                                          android_sdk.py:320
                                                                                                                                                                  android_sdk.py:320
               C:\Users\DELL\AppData\Local\Android\Sdk                                                                                                            android_sdk.py:320
                                                                                                                                                                  android_sdk.py:320
               doesn't appear to contain an Android SDK with the Command-line Tools installed.                                                                    android_sdk.py:320
                                                                                                                                                                  android_sdk.py:320
               If ANDROID_SDK_ROOT is an Android SDK, ensure it is the root directory                                                                             android_sdk.py:320
               of the Android SDK instance such that                                                                                                              android_sdk.py:320
                                                                                                                                                                  android_sdk.py:320
               $ANDROID_SDK_ROOT\cmdline-tools\19.0\bin\sdkmanager.bat                                                                                            android_sdk.py:320
                                                                                                                                                                  android_sdk.py:320
               is a valid filepath.                                                                                                                               android_sdk.py:320
                                                                                                                                                                  android_sdk.py:320
               Briefcase will proceed using its own SDK instance.                                                                                                 android_sdk.py:320
                                                                                                                                                                  android_sdk.py:320
           *************************************************************************                                                                              android_sdk.py:320
           Using Android SDK at C:\Users\DELL\AppData\Local\BeeWare\briefcase\Cache\tools\android_sdk                                                             android_sdk.py:375
                                                                                                                                                                       gradle.py:319
           [sas_management] Updating app metadata...                                                                                                                   gradle.py:319
           Setting main module... started                                                                                                                              gradle.py:302
           Setting main module... done                                                                                                                                 gradle.py:302
                                                                                                                                                                       gradle.py:322
           [sas_management] Building Android APK...                                                                                                                    gradle.py:322
           Building... started                                                                                                                                         gradle.py:323
           Downloading the Android emulator...                                                                                                                    android_sdk.py:653
                                                                                                                                                                   subprocess.py:838
           >>> Running Command:                                                                                                                                    subprocess.py:838
           >>>     'C:\Users\DELL\AppData\Local\BeeWare\briefcase\Cache\tools\android_sdk\cmdline-tools\19.0\bin\sdkmanager.bat' platform-tools emulator           subprocess.py:838
           >>> Working Directory:                                                                                                                                  subprocess.py:838
           >>>     C:\Users\DELL\Desktop\sas management system                                                                                                     subprocess.py:838
           >>> Environment Overrides:                                                                                                                              subprocess.py:838
           >>>     ANDROID_HOME=C:\Users\DELL\AppData\Local\BeeWare\briefcase\Cache\tools\android_sdk                                                              subprocess.py:838
           >>>     ANDROID_SDK_ROOT=C:\Users\DELL\AppData\Local\BeeWare\briefcase\Cache\tools\android_sdk                                                          subprocess.py:838
           >>>     JAVA_HOME=C:\Users\DELL\AppData\Local\BeeWare\briefcase\Cache\tools\java17                                                                      subprocess.py:838
[18:34:01] >>> Return code: 0                                                                                                                                      subprocess.py:838
                                                                                                                                                                   subprocess.py:838
                                                                                                                                                                   subprocess.py:838
           >>> Running Command:                                                                                                                                    subprocess.py:838
           >>>     'C:\Users\DELL\Desktop\sas management system\build\sas_management\android\gradle\gradlew.bat' --console plain assembleDebug                     subprocess.py:838
           >>> Working Directory:                                                                                                                                  subprocess.py:838
           >>>     C:\Users\DELL\Desktop\sas management system\build\sas_management\android\gradle                                                                 subprocess.py:838
           >>> Environment Overrides:                                                                                                                              subprocess.py:838
           >>>     ANDROID_HOME=C:\Users\DELL\AppData\Local\BeeWare\briefcase\Cache\tools\android_sdk                                                              subprocess.py:838
           >>>     ANDROID_SDK_ROOT=C:\Users\DELL\AppData\Local\BeeWare\briefcase\Cache\tools\android_sdk                                                          subprocess.py:838
           >>>     JAVA_HOME=C:\Users\DELL\AppData\Local\BeeWare\briefcase\Cache\tools\java17                                                                      subprocess.py:838
[18:34:02] Downloading https://services.gradle.org/distributions/gradle-8.13-bin.zip                                                                               subprocess.py:195
[18:35:33] ..................................................................................................................................                      subprocess.py:195
           Unzipping C:\Users\DELL\.gradle\wrapper\dists\gradle-8.13-bin\5xuhj0ry160q40clulazy9h7d\gradle-8.13-bin.zip to                                          subprocess.py:195
           C:\Users\DELL\.gradle\wrapper\dists\gradle-8.13-bin\5xuhj0ry160q40clulazy9h7d                                                                                            
[18:35:57] Starting a Gradle Daemon (subsequent builds will be faster)                                                                                             subprocess.py:195
[18:39:09] The message received from the daemon indicates that the daemon has disappeared.                                                                         subprocess.py:195
           Build request sent: Build{id=ae8c5b31-ffeb-4d37-a443-98b2c8694091, currentDir=C:\Users\DELL\Desktop\sas management                                      subprocess.py:195
           system\build\sas_management\android\gradle}                                                                                                                              
           Attempting to read last messages from the daemon log...                                                                                                 subprocess.py:195
[18:39:10] Daemon pid: 16784                                                                                                                                       subprocess.py:195
[18:39:11]   log file: C:\Users\DELL\.gradle\daemon\8.13\daemon-16784.out.log                                                                                      subprocess.py:195
           ----- Last 20 lines from daemon log file - daemon-16784.out.log -----                                                                                   subprocess.py:195
           2025-12-03T18:36:14.461+0300 [DEBUG] [org.gradle.launcher.daemon.server.SynchronizedDispatchConnection] thread 21: received class                       subprocess.py:195
           org.gradle.launcher.daemon.protocol.Build                                                                                                                                
           2025-12-03T18:36:14.462+0300 [DEBUG] [org.gradle.launcher.daemon.server.DefaultDaemonConnection] thread 21: Received non-IO message from client:        subprocess.py:195
           Build{id=ae8c5b31-ffeb-4d37-a443-98b2c8694091, currentDir=C:\Users\DELL\Desktop\sas management system\build\sas_management\android\gradle}                               
           2025-12-03T18:36:14.462+0300 [INFO] [org.gradle.launcher.daemon.server.DefaultIncomingConnectionHandler] Received command:                              subprocess.py:195
           Build{id=ae8c5b31-ffeb-4d37-a443-98b2c8694091, currentDir=C:\Users\DELL\Desktop\sas management system\build\sas_management\android\gradle}.                              
           2025-12-03T18:36:14.462+0300 [DEBUG] [org.gradle.launcher.daemon.server.DefaultIncomingConnectionHandler] Starting executing command:                   subprocess.py:195
           Build{id=ae8c5b31-ffeb-4d37-a443-98b2c8694091, currentDir=C:\Users\DELL\Desktop\sas management system\build\sas_management\android\gradle} with                          
           connection: socket connection from /127.0.0.1:58113 to /127.0.0.1:58114.                                                                                                 
           2025-12-03T18:36:14.469+0300 [DEBUG] [org.gradle.launcher.daemon.server.DaemonStateCoordinator] Command execution: started                              subprocess.py:195
           DaemonCommandExecution[command = Build{id=ae8c5b31-ffeb-4d37-a443-98b2c8694091, currentDir=C:\Users\DELL\Desktop\sas management                                          
           system\build\sas_management\android\gradle}, connection = DefaultDaemonConnection: socket connection from /127.0.0.1:58113 to /127.0.0.1:58114] after                    
           0.005566666666666667 minutes of idle                                                                                                                                     
           2025-12-03T18:36:14.470+0300 [INFO] [org.gradle.launcher.daemon.server.DaemonRegistryUpdater] Marking the daemon as busy, address:                      subprocess.py:195
           [baec7621-4c73-4711-af92-320ce03712d9 port:58113, addresses:[localhost/127.0.0.1]]                                                                                       
           2025-12-03T18:36:14.470+0300 [DEBUG] [org.gradle.launcher.daemon.registry.PersistentDaemonRegistry] Marking busy by address:                            subprocess.py:195
           [baec7621-4c73-4711-af92-320ce03712d9 port:58113, addresses:[localhost/127.0.0.1]]                                                                                       
           2025-12-03T18:36:14.473+0300 [DEBUG] [org.gradle.cache.internal.DefaultFileLockManager] Waiting to acquire exclusive lock on daemon addresses registry. subprocess.py:195
           2025-12-03T18:36:14.473+0300 [DEBUG] [org.gradle.cache.internal.DefaultFileLockManager] Lock acquired on daemon addresses registry.                     subprocess.py:195
           2025-12-03T18:36:14.475+0300 [DEBUG] [org.gradle.cache.internal.DefaultFileLockManager] Releasing lock on daemon addresses registry.                    subprocess.py:195
           2025-12-03T18:36:14.476+0300 [DEBUG] [org.gradle.launcher.daemon.server.DaemonStateCoordinator] resetting idle timer                                    subprocess.py:195
           2025-12-03T18:36:14.477+0300 [DEBUG] [org.gradle.launcher.daemon.server.DaemonStateCoordinator] daemon is running. Sleeping until state changes.        subprocess.py:195
[18:39:12] 2025-12-03T18:36:14.479+0300 [INFO] [org.gradle.launcher.daemon.server.exec.StartBuildOrRespondWithBusy] Daemon is about to start building              subprocess.py:195
           Build{id=ae8c5b31-ffeb-4d37-a443-98b2c8694091, currentDir=C:\Users\DELL\Desktop\sas management system\build\sas_management\android\gradle}. Dispatching                  
           build started information...                                                                                                                                             
           2025-12-03T18:36:14.479+0300 [DEBUG] [org.gradle.launcher.daemon.server.SynchronizedDispatchConnection] thread 23: dispatching                          subprocess.py:195
           org.gradle.launcher.daemon.protocol.BuildStarted@675291e5                                                                                                                
           2025-12-03T18:36:14.484+0300 [DEBUG] [org.gradle.launcher.daemon.server.exec.EstablishBuildEnvironment] Configuring env variables: [PATH,               subprocess.py:195
           PYDEVD_DISABLE_FILE_VALIDATION, USERDOMAIN_ROAMINGPROFILE, PROCESSOR_LEVEL, SYSTEMDRIVE, SESSIONNAME, ALLUSERSPROFILE, PROCESSOR_ARCHITECTURE,                           
           VSCODE_GIT_IPC_HANDLE, ANDROID_HOME, DRIVERDATA, PROGRAMFILES, VSCODE_INJECTION, COLORTERM, PSMODULEPATH, PROGRAMDATA, DIRNAME, USERNAME,                                
           VSCODE_GIT_ASKPASS_NODE, TERM_PROGRAM_VERSION, CMD_LINE_ARGS, GIT_ASKPASS, CHROME_CRASHPAD_PIPE_NAME, VSCODE_DEBUGPY_ADAPTER_ENDPOINTS, ONEDRIVE,                        
           APP_HOME, PATHEXT, WINDIR, ORIGINAL_XDG_CURRENT_DESKTOP, HOMEPATH, PROCESSOR_IDENTIFIER, POWERSHELL_DISTRIBUTION_CHANNEL, PUBLIC,                                        
           PSEXECUTIONPOLICYPREFERENCE, _SKIP, LOCALAPPDATA, CURSOR_TRACE_ID, COMMONPROGRAMFILES(X86), USERDOMAIN, LOGONSERVER, JAVA_HOME, PROMPT,                                  
           PROGRAMFILES(X86), LANG, VSCODE_GIT_ASKPASS_MAIN, =C:, APPDATA, PROGRAMW6432, SYSTEMROOT, JAVA_EXE, VSCODE_GIT_ASKPASS_EXTRA_ARGS,                                       
           BUNDLED_DEBUGPY_PATH, OS, TERM_PROGRAM, COMMONPROGRAMW6432, COMPUTERNAME, COMMONPROGRAMFILES, COMSPEC, ANDROID_SDK_ROOT, PROCESSOR_REVISION, CLASSPATH,                  
           APP_BASE_NAME, TEMP, HOMEDRIVE, USERPROFILE, TMP, NUMBER_OF_PROCESSORS]                                                                                                  
           2025-12-03T18:36:14.498+0300 [DEBUG] [org.gradle.launcher.daemon.server.exec.LogToClient] About to start relaying all logs to the client via the        subprocess.py:195
           connection.                                                                                                                                                              
           2025-12-03T18:36:14.499+0300 [INFO] [org.gradle.launcher.daemon.server.exec.LogToClient] The client will now receive all logging from the daemon (pid:  subprocess.py:195
           16784). The daemon log file: C:\Users\DELL\.gradle\daemon\8.13\daemon-16784.out.log                                                                                      
           2025-12-03T18:36:14.503+0300 [INFO] [org.gradle.launcher.daemon.server.exec.LogAndCheckHealth] Starting build in new daemon [memory: 2 GiB]             subprocess.py:195
           2025-12-03T18:36:14.508+0300 [DEBUG] [org.gradle.launcher.daemon.server.exec.ExecuteBuild] The daemon has started executing the build.                  subprocess.py:195
           2025-12-03T18:36:14.509+0300 [DEBUG] [org.gradle.launcher.daemon.server.exec.ExecuteBuild] Executing build with daemon context:                         subprocess.py:195
           DefaultDaemonContext[uid=114ae82e-be25-4739-a1db-fddccb0d2590,javaHome=C:\Users\DELL\AppData\Local\BeeWare\briefcase\Cache\tools\java17,javaVersion=17,                  
           javaVendor=Eclipse                                                                                                                                                       
           Adoptium,daemonRegistryDir=C:\Users\DELL\.gradle\daemon,pid=16784,idleTimeout=10800000,priority=NORMAL,applyInstrumentationAgent=true,nativeServicesMod                  
           e=ENABLED,daemonOpts=-Xmx2048m,-Dfile.encoding=UTF-8,-Duser.country=US,-Duser.language=en,-Duser.variant]----- End of the daemon log -----                               
                                                                                                                                                                   subprocess.py:195
           JVM crash log found: file:///C:/Users/DELL/Desktop/sas%20management%20system/build/sas_management/android/gradle/hs_err_pid16784.log                    subprocess.py:195
                                                                                                                                                                   subprocess.py:195
           FAILURE: Build failed with an exception.                                                                                                                subprocess.py:195
                                                                                                                                                                   subprocess.py:195
           * What went wrong:                                                                                                                                      subprocess.py:195
           Gradle build daemon disappeared unexpectedly (it may have been killed or may have crashed)                                                              subprocess.py:195
                                                                                                                                                                   subprocess.py:195
           * Try:                                                                                                                                                  subprocess.py:195
           > Run with --stacktrace option to get the stack trace.                                                                                                  subprocess.py:195
           > Run with --info or --debug option to get more log output.                                                                                             subprocess.py:195
           > Run with --scan to get full insights.                                                                                                                 subprocess.py:195
           > Get more help at https://help.gradle.org.                                                                                                             subprocess.py:195
           >>> Return code: 1                                                                                                                                      subprocess.py:838
                                                                                                                                                                   subprocess.py:838
           Building... errored                                                                                                                                         gradle.py:323
                                                                                                                                                                      __main__.py:42
           Error while building project.                                                                                                                              __main__.py:43
           Saving log... started                                                                                                                                      console.py:438

Main thread traceback:
╭─────────────────────────────────────────────────────────────────────── Traceback (most recent call last) ────────────────────────────────────────────────────────────────────────╮
│ C:\Users\DELL\AppData\Local\Programs\Python\Python312\Lib\site-packages\briefcase\platforms\android\gradle.py:325 in build_app                                                   │
│                                                                                                                                                                                  │
│   322 │   │   self.console.info("Building Android APK...", prefix=app.app_name)                                                                                                  │
│   323 │   │   with self.console.wait_bar("Building..."):                                                                                                                         │
│   324 │   │   │   try:                                                                                                                                                           │
│ ❱ 325 │   │   │   │   self.run_gradle(app, ["assembleDebug"])                                                                                                                    │
│   326 │   │   │   except subprocess.CalledProcessError as e:                                                                                                                     │
│   327 │   │   │   │   raise BriefcaseCommandError("Error while building project.") from e                                                                                        │
│   328                                                                                                                                                                            │
│                                                                                                                                                                                  │
│ ╭─────────────────────────────────────────── locals ────────────────────────────────────────────╮                                                                                │
│ │    app = <com.sas.management.sas-management v1.0.0 AppConfig>                                 │                                                                                │
│ │ kwargs = {}                                                                                   │                                                                                │
│ │   self = <briefcase.platforms.android.gradle.GradleBuildCommand object at 0x00000183D5C192B0> │                                                                                │
│ ╰───────────────────────────────────────────────────────────────────────────────────────────────╯                                                                                │
│                                                                                                                                                                                  │
│ C:\Users\DELL\AppData\Local\Programs\Python\Python312\Lib\site-packages\briefcase\platforms\android\gradle.py:119 in run_gradle                                                  │
│                                                                                                                                                                                  │
│   116 │   │   self.tools.android_sdk.verify_emulator()                                                                                                                           │
│   117 │   │                                                                                                                                                                      │
│   118 │   │   gradlew = "gradlew.bat" if self.tools.host_os == "Windows" else "gradlew"                                                                                          │
│ ❱ 119 │   │   self.tools.subprocess.run(                                                                                                                                         │
│   120 │   │   │   # Windows needs the full path to `gradlew`; macOS & Linux can find it                                                                                          │
│   121 │   │   │   # via `./gradlew`. For simplicity of implementation, we always provide                                                                                         │
│   122 │   │   │   # the full path.                                                                                                                                               │
│                                                                                                                                                                                  │
│ ╭──────────────────────────────────────────── locals ────────────────────────────────────────────╮                                                                               │
│ │     app = <com.sas.management.sas-management v1.0.0 AppConfig>                                 │                                                                               │
│ │    args = ['assembleDebug']                                                                    │                                                                               │
│ │ gradlew = 'gradlew.bat'                                                                        │                                                                               │
│ │    self = <briefcase.platforms.android.gradle.GradleBuildCommand object at 0x00000183D5C192B0> │                                                                               │
│ ╰────────────────────────────────────────────────────────────────────────────────────────────────╯                                                                               │
│                                                                                                                                                                                  │
│ C:\Users\DELL\AppData\Local\Programs\Python\Python312\Lib\site-packages\briefcase\integrations\subprocess.py:142 in inner                                                        │
│                                                                                                                                                                                  │
│   139 │   │   # Run subprocess command with or without console control                                                                                                           │
│   140 │   │   if remove_dynamic_elements:                                                                                                                                        │
│   141 │   │   │   with sub.tools.console.release_console_control():                                                                                                              │
│ ❱ 142 │   │   │   │   return sub_method(sub, args, *wrapped_args, **wrapped_kwargs)                                                                                              │
│   143 │   │   else:                                                                                                                                                              │
│   144 │   │   │   return sub_method(sub, args, *wrapped_args, **wrapped_kwargs)                                                                                                  │
│   145                                                                                                                                                                            │
│                                                                                                                                                                                  │
│ ╭───────────────────────────────────────────────────────────────── locals ──────────────────────────────────────────────────────────────────╮                                    │
│ │                    args = [                                                                                                               │                                    │
│ │                           │   WindowsPath('C:/Users/DELL/Desktop/sas management system/build/sas_management/android/gradle/gradlew.bat'), │                                    │
│ │                           │   '--console',                                                                                                │                                    │
│ │                           │   'plain',                                                                                                    │                                    │
│ │                           │   'assembleDebug'                                                                                             │                                    │
│ │                           ]                                                                                                               │                                    │
│ │              executable = 'C:\\Users\\DELL\\Desktop\\sas management system\\build\\sas_management\\android\\gradle\\'+11                  │                                    │
│ │ remove_dynamic_elements = True                                                                                                            │                                    │
│ │                     sub = <briefcase.integrations.subprocess.Subprocess object at 0x00000183D5CF7770>                                     │                                    │
│ │            wrapped_args = ()                                                                                                              │                                    │
│ │          wrapped_kwargs = {                                                                                                               │                                    │
│ │                           │   'env': {                                                                                                    │                                    │
│ │                           │   │   'ANDROID_HOME': 'C:\\Users\\DELL\\AppData\\Local\\BeeWare\\briefcase\\Cache\\tools\\android_sdk',       │                                    │
│ │                           │   │   'ANDROID_SDK_ROOT': 'C:\\Users\\DELL\\AppData\\Local\\BeeWare\\briefcase\\Cache\\tools\\android_sdk',   │                                    │
│ │                           │   │   'JAVA_HOME': 'C:\\Users\\DELL\\AppData\\Local\\BeeWare\\briefcase\\Cache\\tools\\java17'                │                                    │
│ │                           │   },                                                                                                          │                                    │
│ │                           │   'cwd': WindowsPath('C:/Users/DELL/Desktop/sas management system/build/sas_management/android/gradle'),      │                                    │
│ │                           │   'check': True,                                                                                              │                                    │
│ │                           │   'encoding': 'CP1252'                                                                                        │                                    │
│ │                           }                                                                                                               │                                    │
│ ╰───────────────────────────────────────────────────────────────────────────────────────────────────────────────────────────────────────────╯                                    │
│                                                                                                                                                                                  │
│ C:\Users\DELL\AppData\Local\Programs\Python\Python312\Lib\site-packages\briefcase\integrations\subprocess.py:539 in run                                                          │
│                                                                                                                                                                                  │
│   536 │   │   # caller sets stream_output=False, then ensure_console_is_safe() will                                                                                              │
│   537 │   │   # disable any dynamic console elements while the command runs.                                                                                                     │
│   538 │   │   if stream_output:                                                                                                                                                  │
│ ❱ 539 │   │   │   return self._run_and_stream_output(args, filter_func=filter_func, **kwargs)                                                                                    │
│   540 │   │                                                                                                                                                                      │
│   541 │   │   # Can't filter non-streamed output.                                                                                                                                │
│   542 │   │   if filter_func:                                                                                                                                                    │
│                                                                                                                                                                                  │
│ ╭────────────────────────────────────────────────────────────────────────────── locals ───────────────────────────────────────────────────────────────────────────────╮          │
│ │          args = [WindowsPath('C:/Users/DELL/Desktop/sas management system/build/sas_management/android/gradle/gradlew.bat'), '--console', 'plain', 'assembleDebug'] │          │
│ │   filter_func = None                                                                                                                                                │          │
│ │        kwargs = {                                                                                                                                                   │          │
│ │                 │   'env': {                                                                                                                                        │          │
│ │                 │   │   'ANDROID_HOME': 'C:\\Users\\DELL\\AppData\\Local\\BeeWare\\briefcase\\Cache\\tools\\android_sdk',                                           │          │
│ │                 │   │   'ANDROID_SDK_ROOT': 'C:\\Users\\DELL\\AppData\\Local\\BeeWare\\briefcase\\Cache\\tools\\android_sdk',                                       │          │
│ │                 │   │   'JAVA_HOME': 'C:\\Users\\DELL\\AppData\\Local\\BeeWare\\briefcase\\Cache\\tools\\java17'                                                    │          │
│ │                 │   },                                                                                                                                              │          │
│ │                 │   'cwd': WindowsPath('C:/Users/DELL/Desktop/sas management system/build/sas_management/android/gradle'),                                          │          │
│ │                 │   'check': True,                                                                                                                                  │          │
│ │                 │   'encoding': 'CP1252'                                                                                                                            │          │
│ │                 }                                                                                                                                                   │          │
│ │          self = <briefcase.integrations.subprocess.Subprocess object at 0x00000183D5CF7770>                                                                         │          │
│ │ stream_output = True                                                                                                                                                │          │
│ ╰─────────────────────────────────────────────────────────────────────────────────────────────────────────────────────────────────────────────────────────────────────╯          │
│                                                                                                                                                                                  │
│ C:\Users\DELL\AppData\Local\Programs\Python\Python312\Lib\site-packages\briefcase\integrations\subprocess.py:615 in _run_and_stream_output                                       │
│                                                                                                                                                                                  │
│   612 │   │   self._log_return_code(return_code)                                                                                                                                 │
│   613 │   │                                                                                                                                                                      │
│   614 │   │   if check and return_code:                                                                                                                                          │
│ ❱ 615 │   │   │   raise subprocess.CalledProcessError(return_code, args, stderr=stderr)                                                                                          │
│   616 │   │                                                                                                                                                                      │
│   617 │   │   return subprocess.CompletedProcess(args, return_code, stderr=stderr)                                                                                               │
│   618                                                                                                                                                                            │
│                                                                                                                                                                                  │
│ ╭───────────────────────────────────────────────────────────────────────────── locals ──────────────────────────────────────────────────────────────────────────────╮            │
│ │        args = [WindowsPath('C:/Users/DELL/Desktop/sas management system/build/sas_management/android/gradle/gradlew.bat'), '--console', 'plain', 'assembleDebug'] │            │
│ │       check = True                                                                                                                                                │            │
│ │ filter_func = None                                                                                                                                                │            │
│ │      kwargs = {                                                                                                                                                   │            │
│ │               │   'env': {                                                                                                                                        │            │
│ │               │   │   'ANDROID_HOME': 'C:\\Users\\DELL\\AppData\\Local\\BeeWare\\briefcase\\Cache\\tools\\android_sdk',                                           │            │
│ │               │   │   'ANDROID_SDK_ROOT': 'C:\\Users\\DELL\\AppData\\Local\\BeeWare\\briefcase\\Cache\\tools\\android_sdk',                                       │            │
│ │               │   │   'JAVA_HOME': 'C:\\Users\\DELL\\AppData\\Local\\BeeWare\\briefcase\\Cache\\tools\\java17'                                                    │            │
│ │               │   },                                                                                                                                              │            │
│ │               │   'cwd': WindowsPath('C:/Users/DELL/Desktop/sas management system/build/sas_management/android/gradle'),                                          │            │
│ │               │   'encoding': 'CP1252',                                                                                                                           │            │
│ │               │   'stdout': -1,                                                                                                                                   │            │
│ │               │   'stderr': -2,                                                                                                                                   │            │
│ │               │   'bufsize': 1                                                                                                                                    │            │
│ │               }                                                                                                                                                   │            │
│ │     process = <Popen: returncode: 1 args: ['C:\\Users\\DELL\\Desktop\\sas management syste...>                                                                    │            │
│ │ return_code = 1                                                                                                                                                   │            │
│ │        self = <briefcase.integrations.subprocess.Subprocess object at 0x00000183D5CF7770>                                                                         │            │
│ │      stderr = None                                                                                                                                                │            │
│ ╰───────────────────────────────────────────────────────────────────────────────────────────────────────────────────────────────────────────────────────────────────╯            │
╰──────────────────────────────────────────────────────────────────────────────────────────────────────────────────────────────────────────────────────────────────────────────────╯
CalledProcessError: Command '[WindowsPath('C:/Users/DELL/Desktop/sas management system/build/sas_management/android/gradle/gradlew.bat'), '--console', 'plain', 'assembleDebug']' returned non-zero exit status 1.

The above exception was the direct cause of the following exception:

╭─────────────────────────────────────────────────────────────────────── Traceback (most recent call last) ────────────────────────────────────────────────────────────────────────╮
│ C:\Users\DELL\AppData\Local\Programs\Python\Python312\Lib\site-packages\briefcase\__main__.py:27 in main                                                                         │
│                                                                                                                                                                                  │
│   24 │   │   │   Path.cwd() / "pyproject.toml",                                                                                                                                  │
│   25 │   │   │   overrides=overrides,                                                                                                                                            │
│   26 │   │   )                                                                                                                                                                   │
│ ❱ 27 │   │   command(**options)                                                                                                                                                  │
│   28 │   except HelpText as e:                                                                                                                                                   │
│   29 │   │   console.info()                                                                                                                                                      │
│   30 │   │   console.info(str(e))                                                                                                                                                │
│                                                                                                                                                                                  │
│ ╭─────────────────────────────────────────────── locals ───────────────────────────────────────────────╮                                                                         │
│ │       command = <briefcase.platforms.android.gradle.GradleBuildCommand object at 0x00000183D5C192B0> │                                                                         │
│ │       console = <briefcase.console.Console object at 0x00000183D1D37DD0>                             │                                                                         │
│ │             e = BriefcaseCommandError('Error while building project.')                               │                                                                         │
│ │ extra_cmdline = []                                                                                   │                                                                         │
│ │       options = {                                                                                    │                                                                         │
│ │                 │   'update': False,                                                                 │                                                                         │
│ │                 │   'update_requirements': False,                                                    │                                                                         │
│ │                 │   'update_support': False,                                                         │                                                                         │
│ │                 │   'update_stub': False,                                                            │                                                                         │
│ │                 │   'update_resources': False,                                                       │                                                                         │
│ │                 │   'no_update': False,                                                              │                                                                         │
│ │                 │   'test_mode': False                                                               │                                                                         │
│ │                 }                                                                                    │                                                                         │
│ │     overrides = {}                                                                                   │                                                                         │
│ │        result = 200                                                                                  │                                                                         │
│ ╰──────────────────────────────────────────────────────────────────────────────────────────────────────╯                                                                         │
│                                                                                                                                                                                  │
│ C:\Users\DELL\AppData\Local\Programs\Python\Python312\Lib\site-packages\briefcase\commands\build.py:154 in __call__                                                              │
│                                                                                                                                                                                  │
│   151 │   │                                                                                                                                                                      │
│   152 │   │   state = None                                                                                                                                                       │
│   153 │   │   for _, app_obj in sorted(apps_to_build.items()):                                                                                                                   │
│ ❱ 154 │   │   │   state = self._build_app(                                                                                                                                       │
│   155 │   │   │   │   app_obj,                                                                                                                                                   │
│   156 │   │   │   │   update=update,                                                                                                                                             │
│   157 │   │   │   │   update_requirements=update_requirements,                                                                                                                   │
│                                                                                                                                                                                  │
│ ╭────────────────────────────────────────────────── locals ──────────────────────────────────────────────────╮                                                                   │
│ │                   _ = 'sas_management'                                                                     │                                                                   │
│ │                 app = None                                                                                 │                                                                   │
│ │            app_name = None                                                                                 │                                                                   │
│ │             app_obj = <com.sas.management.sas-management v1.0.0 AppConfig>                                 │                                                                   │
│ │       apps_to_build = {'sas_management': <com.sas.management.sas-management v1.0.0 AppConfig>}             │                                                                   │
│ │           no_update = False                                                                                │                                                                   │
│ │             options = {}                                                                                   │                                                                   │
│ │                self = <briefcase.platforms.android.gradle.GradleBuildCommand object at 0x00000183D5C192B0> │                                                                   │
│ │               state = None                                                                                 │                                                                   │
│ │           test_mode = False                                                                                │                                                                   │
│ │              update = False                                                                                │                                                                   │
│ │ update_requirements = False                                                                                │                                                                   │
│ │    update_resources = False                                                                                │                                                                   │
│ │         update_stub = False                                                                                │                                                                   │
│ │      update_support = False                                                                                │                                                                   │
│ ╰────────────────────────────────────────────────────────────────────────────────────────────────────────────╯                                                                   │
│                                                                                                                                                                                  │
│ C:\Users\DELL\AppData\Local\Programs\Python\Python312\Lib\site-packages\briefcase\commands\build.py:90 in _build_app                                                             │
│                                                                                                                                                                                  │
│    87 │   │                                                                                                                                                                      │
│    88 │   │   self.verify_app(app)                                                                                                                                               │
│    89 │   │                                                                                                                                                                      │
│ ❱  90 │   │   state = self.build_app(app, **full_options(state, options))                                                                                                        │
│    91 │   │                                                                                                                                                                      │
│    92 │   │   qualifier = " (test mode)" if app.test_mode else ""                                                                                                                │
│    93 │   │   self.console.info(                                                                                                                                                 │
│                                                                                                                                                                                  │
│ ╭────────────────────────────────────────────────── locals ──────────────────────────────────────────────────╮                                                                   │
│ │                 app = <com.sas.management.sas-management v1.0.0 AppConfig>                                 │                                                                   │
│ │           no_update = False                                                                                │                                                                   │
│ │             options = {}                                                                                   │                                                                   │
│ │                self = <briefcase.platforms.android.gradle.GradleBuildCommand object at 0x00000183D5C192B0> │                                                                   │
│ │               state = None                                                                                 │                                                                   │
│ │              update = False                                                                                │                                                                   │
│ │ update_requirements = False                                                                                │                                                                   │
│ │    update_resources = False                                                                                │                                                                   │
│ │         update_stub = False                                                                                │                                                                   │
│ │      update_support = False                                                                                │                                                                   │
│ ╰────────────────────────────────────────────────────────────────────────────────────────────────────────────╯                                                                   │
│                                                                                                                                                                                  │
│ C:\Users\DELL\AppData\Local\Programs\Python\Python312\Lib\site-packages\briefcase\platforms\android\gradle.py:327 in build_app                                                   │
│                                                                                                                                                                                  │
│   324 │   │   │   try:                                                                                                                                                           │
│   325 │   │   │   │   self.run_gradle(app, ["assembleDebug"])                                                                                                                    │
│   326 │   │   │   except subprocess.CalledProcessError as e:                                                                                                                     │
│ ❱ 327 │   │   │   │   raise BriefcaseCommandError("Error while building project.") from e                                                                                        │
│   328                                                                                                                                                                            │
│   329                                                                                                                                                                            │
│   330 class GradleRunCommand(GradleMixin, RunCommand):                                                                                                                           │
│                                                                                                                                                                                  │
│ ╭─────────────────────────────────────────── locals ────────────────────────────────────────────╮                                                                                │
│ │    app = <com.sas.management.sas-management v1.0.0 AppConfig>                                 │                                                                                │
│ │ kwargs = {}                                                                                   │                                                                                │
│ │   self = <briefcase.platforms.android.gradle.GradleBuildCommand object at 0x00000183D5C192B0> │                                                                                │
│ ╰───────────────────────────────────────────────────────────────────────────────────────────────╯                                                                                │
╰──────────────────────────────────────────────────────────────────────────────────────────────────────────────────────────────────────────────────────────────────────────────────╯
BriefcaseCommandError: Error while building project.
[18:39:14] Collecting extra information for log... started                                                                                                            console.py:473
                                                                                                                                                                      console.py:477
           Extra information:                                                                                                                                         console.py:478
                                                                                                                                                                   subprocess.py:838
           >>> Running Command:                                                                                                                                    subprocess.py:838
           >>>     'C:\Users\DELL\AppData\Local\BeeWare\briefcase\Cache\tools\android_sdk\cmdline-tools\19.0\bin\sdkmanager.bat' --list_installed                  subprocess.py:838
           >>> Working Directory:                                                                                                                                  subprocess.py:838
           >>>     C:\Users\DELL\Desktop\sas management system                                                                                                     subprocess.py:838
           >>> Environment Overrides:                                                                                                                              subprocess.py:838
           >>>     ANDROID_HOME=C:\Users\DELL\AppData\Local\BeeWare\briefcase\Cache\tools\android_sdk                                                              subprocess.py:838
           >>>     ANDROID_SDK_ROOT=C:\Users\DELL\AppData\Local\BeeWare\briefcase\Cache\tools\android_sdk                                                          subprocess.py:838
           >>>     JAVA_HOME=C:\Users\DELL\AppData\Local\BeeWare\briefcase\Cache\tools\java17                                                                      subprocess.py:838
[18:39:18] >>> Command Output:                                                                                                                                     subprocess.py:838
           >>>     Loading package information...                                                                                                                  subprocess.py:838
           >>>     Loading local repository...                                                                                                                     subprocess.py:838
           >>>     [=========                              ] 25% Loading local repository...                                                                       subprocess.py:838
           >>>     [=========                              ] 25% Fetch remote repository...                                                                        subprocess.py:838
           >>>     [=======================================] 100% Fetch remote repository...                                                                       subprocess.py:838
           >>>                                                                                                                                                     subprocess.py:838
           >>>     Installed packages:                                                                                                                             subprocess.py:838
           >>>       Path           | Version | Description                | Location                                                                              subprocess.py:838
           >>>       -------        | ------- | -------                    | -------                                                                               subprocess.py:838
           >>>       emulator       | 36.2.12 | Android Emulator           | emulator                                                                              subprocess.py:838
           >>>       platform-tools | 36.0.0  | Android SDK Platform-Tools | platform-tools                                                                        subprocess.py:838
           >>>                                                                                                                                                     subprocess.py:838
           >>> Return code: 0                                                                                                                                      subprocess.py:838
                                                                                                                                                                   subprocess.py:838
           Collecting extra information for log... done                                                                                                               console.py:473
